<?xml version="1.0" encoding="UTF-8"?>
<testsuite xmlns:xsi="http://www.w3.org/2001/XMLSchema-instance" xsi:noNamespaceSchemaLocation="https://maven.apache.org/surefire/maven-surefire-plugin/xsd/surefire-test-report-3.0.xsd" version="3.0" name="com.quiz.LeaderboardProcessorTest" time="0.077" tests="8" errors="0" skipped="0" failures="0">
  <properties>
[...]
</properties>
  <testcase name="testAllPollsDuplicate" classname="com.quiz.LeaderboardProcessorTest" time="0.03">
    <system-out><![CDATA[  [DUPLICATE] Skipping R1::Alice (score=10)
  [DUPLICATE] Skipping R1::Alice (score=10)
  [DUPLICATE] Skipping R1::Alice (score=10)
  [DUPLICATE] Skipping R1::Alice (score=10)
  [DUPLICATE] Skipping R1::Alice (score=10)
  [DUPLICATE] Skipping R1::Alice (score=10)
  [DUPLICATE] Skipping R1::Alice (score=10)
  [DUPLICATE] Skipping R1::Alice (score=10)
  [DUPLICATE] Skipping R1::Alice (score=10)

========== Processing Summary ==========
Total events received across all polls : 10
Duplicate events discarded             : 9
Unique events processed                : 1
Unique participants                    : 1
========================================

]]></system-out>
  </testcase>
  <testcase name="testGrandTotal" classname="com.quiz.LeaderboardProcessorTest" time="0.002">
    <system-out><![CDATA[
========== Processing Summary ==========
Total events received across all polls : 3
Duplicate events discarded             : 0
Unique events processed                : 3
Unique participants                    : 3
========================================

]]></system-out>
  </testcase>
  <testcase name="testSameParticipantDifferentRoundsNotDuplicate" classname="com.quiz.LeaderboardProcessorTest" time="0.002">
    <system-out><![CDATA[
========== Processing Summary ==========
Total events received across all polls : 3
Duplicate events discarded             : 0
Unique events processed                : 3
Unique participants                    : 1
========================================

]]></system-out>
  </testcase>
  <testcase name="testBasicAggregation" classname="com.quiz.LeaderboardProcessorTest" time="0.003">
    <system-out><![CDATA[
========== Processing Summary ==========
Total events received across all polls : 4
Duplicate events discarded             : 0
Unique events processed                : 4
Unique participants                    : 2
========================================

]]></system-out>
  </testcase>
  <testcase name="testEmptyPollArray" classname="com.quiz.LeaderboardProcessorTest" time="0.001">
    <system-out><![CDATA[
========== Processing Summary ==========
Total events received across all polls : 0
Duplicate events discarded             : 0
Unique events processed                : 0
Unique participants                    : 0
========================================

]]></system-out>
  </testcase>
  <testcase name="testNullEventsAreHandledGracefully" classname="com.quiz.LeaderboardProcessorTest" time="0.005">
    <system-out><![CDATA[
========== Processing Summary ==========
Total events received across all polls : 1
Duplicate events discarded             : 0
Unique events processed                : 1
Unique participants                    : 1
========================================

]]></system-out>
  </testcase>
  <testcase name="testDuplicateEventsAreIgnored" classname="com.quiz.LeaderboardProcessorTest" time="0.003">
    <system-out><![CDATA[  [DUPLICATE] Skipping R1::Alice (score=10)

========== Processing Summary ==========
Total events received across all polls : 3
Duplicate events discarded             : 1
Unique events processed                : 2
Unique participants                    : 1
========================================

]]></system-out>
  </testcase>
  <testcase name="testLeaderboardSortOrder" classname="com.quiz.LeaderboardProcessorTest" time="0.001">
    <system-out><![CDATA[
========== Processing Summary ==========
Total events received across all polls : 3
Duplicate events discarded             : 0
Unique events processed                : 3
Unique participants                    : 3
========================================

]]></system-out>
  </testcase>
</testsuite>